<?xml version="1.0" encoding="UTF-8"?>
<!-- Generated by org.testng.reporters.JUnitXMLReporter -->
<testsuite ignored="0" hostname="L33895" failures="0" tests="2" name="Default test" time="6.335" errors="0" timestamp="2022-05-28T15:46:59 IST">
  <testcase classname="pk_sprecom.CountriesUsingExtentReportCallingUtility" name="getDefaultCountry" time="4.213"/>
  <testcase classname="pk_sprecom.CountriesUsingExtentReportCallingUtility" name="getCountry" time="0.768"/>
</testsuite> <!-- Default test -->
